         3143312 1994  1 21 11  4 15.500 L 2.300 X  34.24250 -118.61767  18.130 X  -9.000   0.070   0.100  -9.000    -18   -9   -9  134  46  141   13 16  27  9 A 100 69   7  64  
         3145744 1994  1 25 10  5 22.020 L 2.400 X  34.24117 -118.62117  18.540 X  -9.000   0.030   0.090  -9.000    -18   -9   -9  286  43   59   30 21  26 15 B  85 69  10  58  
         3146815 1994  1 28  7 44 46.320 L 3.400 X  34.23917 -118.62150  18.960 X  -9.000   0.090   0.180  -9.000    -18   -9   -9  140  43  132   13 12  82  8 A 100 59  11  55  
         3146907 1994  1 28 15 47 20.680 L 2.000 X  34.23817 -118.61050  17.790 X  -9.000   0.060   0.090  -9.000    -18   -9   -9  110  50   80   24 23  23 12 A  90 64   2  73  
         3147167 1994  1 29  7 52 21.510 L 2.600 X  34.23833 -118.62466  19.200 X  -9.000   0.090   0.120  -9.000    -18   -9   -9  291  41   66   19 15  45 11 A 100 61  17  74  
         3148047 1994  1 31  7 13 16.730 L 2.200 X  34.24183 -118.61550  17.920 X  -9.000   0.050   0.100  -9.000    -18   -9   -9  151  52  122   19 19  28  5 A  99 62  11  78  
         3149674 1994  2  5  7 11 45.110 L 2.400 X  34.24017 -118.61667  18.200 X  -9.000   0.040   0.060  -9.000    -18   -9   -9  138  45  113   17 20  46 15 A  88 59  12  67  
         3150936 1994  2 10  4 19 26.080 L 2.500 X  34.24217 -118.62016  18.310 X  -9.000   0.050   0.060  -9.000    -18   -9   -9  144  54  132   13 14  56 11 A 100 53  12  38  
         3150947 1994  2 10  4 46 40.730 L 2.300 X  34.24117 -118.62016  18.450 X  -9.000   0.050   0.100  -9.000    -18   -9   -9  142  45  130   15 13  51 15 A 100 56   9  48  
         3151649 1994  2 13  9  4 56.640 L 2.100 X  34.23783 -118.61283  17.740 X  -9.000   0.030   0.030  -9.000    -18   -9   -9  128  43  110   19 19  33  5 A 100 56   6  61  
         3152142 1994  2 14 13 19 47.650 L 2.300 X  34.24166 -118.61716  17.960 X  -9.000   0.070   0.130  -9.000    -18   -9   -9  131  41  116   17 16  48  6 A 100 55  10  67  
         2148509 1994  2 15  1 59 47.430 L 2.500 X  34.24166 -118.61900  18.190 X  -9.000   0.010   0.060  -9.000    -18   -9   -9  121  43   99   16 17  61 23 A 100 55  12  62  
         3152388 1994  2 15  4 10 52.050 L 2.000 X  34.23983 -118.62133  18.390 X  -9.000   0.070   0.060  -9.000    -18   -9   -9  141  47  115   24 26  36 16 B  86 62   8  67  
         3152559 1994  2 15 21 13 54.090 L 2.300 X  34.23967 -118.61584  17.910 X  -9.000   0.030   0.130  -9.000    -18   -9   -9  140  39  120   17 18  44 14 A 100 56   6  67  
         3153955 1994  2 20 19 35 21.170 L 1.900 X  34.23783 -118.61183  17.830 X  -9.000   0.060   0.070  -9.000    -18   -9   -9  318  40  119   21 18  32 11 A  98 62   5  72  
         3158361 1994  3 14 10  2 19.320 L 2.200 X  34.23933 -118.61833  18.350 X  -9.000   0.060   0.030  -9.000    -18   -9   -9  137  45  117   18 20  47  9 A  97 55   3  90  
         3159027 1994  3 18  8 27 27.080 L 2.200 X  34.24050 -118.61767  18.280 X  -9.000   0.030   0.040  -9.000    -18   -9   -9  118  50   99   26 29  25  7 B  84 59   1  34  
         3159267 1994  3 20  0 11 12.920 L 2.500 X  34.24117 -118.61584  18.000 X  -9.000   0.050   0.070  -9.000    -18   -9   -9  281  41   66   18 18  32  5 A 100 61   4  98  
         2155068 1994  3 22 13  7 33.690 L 2.300 X  34.23933 -118.61567  18.170 X  -9.000   0.040   0.040  -9.000    -18   -9   -9  152  49  133   21 18  34  0 A 100 56   2 109  
         3160206 1994  3 24 11 23 51.600 L 1.700 X  34.24017 -118.61833  18.040 X  -9.000   0.050   0.050  -9.000    -18   -9   -9  147  46  130   20 18  31  7 A  98 57   1  62  
         3177685 1994  7 26  2 58 20.640 L 2.600 X  34.23900 -118.61150  17.780 X  -9.000   0.050   0.140  -9.000    -18   -9   -9  131  43  116   17 18  37  6 A  99 61   3  94  
         3148018 1994  1 31  4 53 39.250 L 2.100 X  34.23817 -118.61066  17.440 X  -9.000   0.090   0.130  -9.000    -18   -9   -9  154  45  121   18 22  47 14 A  95 55  12  57  
         3150301 1994  2  7  5 23 49.910 L 1.800 X  34.23734 -118.61300  17.700 X  -9.000   0.060   0.110  -9.000    -18   -9   -9  290  48   89   30 24  25 18 B  78 66   9  61  
         3150490 1994  2  8  2  7  8.790 L 2.600 X  34.23817 -118.60633  17.750 X  -9.000   0.070   0.160  -9.000    -18   -9   -9  307  45  110   21 21  44 11 A  92 61  16  68  
