         3143312 1994  1 21 11  4 15.470 L 2.300 X  34.24100 -118.60100  21.320 X  -9.000   0.000   1.000  -9.000    -18   -9   -9  138  55  146   15 19  30  8 A 100 70  
         3145744 1994  1 25 10  5 21.960 L 2.350 X  34.22600 -118.60500  19.950 X  -9.000   0.000   1.000  -9.000    -18   -9   -9  141  54  107   21 30  32  9 B  84 65  
         3146815 1994  1 28  7 44 46.300 L 3.430 X  34.23300 -118.61500  20.880 X  -9.000   0.000   1.000  -9.000    -18   -9   -9  147  54  134   15 15  75 17 B 100 55  
         3146907 1994  1 28 15 47 20.400 L 2.050 X  34.22200 -118.60200  21.210 X  -9.000   0.000   1.000  -9.000    -18   -9   -9  110  51   84   25 27  23 11 B  86 66  
         3147167 1994  1 29  7 52 21.490 L 2.600 X  34.23400 -118.61700  20.900 X  -9.000   0.000   1.000  -9.000    -18   -9   -9  146  54  111   19 25  55 18 B  92 60  
         3148047 1994  1 31  7 13 16.510 L 2.190 X  34.22800 -118.60900  21.110 X  -9.000   0.000   1.000  -9.000    -18   -9   -9  136  48   97   26 27  38  8 B  82 62  
         3149674 1994  2  5  7 11 45.120 L 2.440 X  34.23500 -118.60700  19.700 X  -9.000   0.000   1.000  -9.000    -18   -9   -9  136  48  101   17 22  49 18 B  97 60  
         3150936 1994  2 10  4 19 26.020 L 2.500 X  34.23700 -118.62000  20.440 X  -9.000   0.000   1.000  -9.000    -18   -9   -9  271  51   52   22 17  57 11 A  95 53  
         3150947 1994  2 10  4 46 40.660 L 2.270 X  34.22600 -118.61000  19.780 X  -9.000   0.000   1.000  -9.000    -18   -9   -9  144  46  132   13 13  48 12 A 100 57  
         3151649 1994  2 13  9  4 56.410 L 2.070 X  34.22300 -118.61300  20.590 X  -9.000   0.000   1.000  -9.000    -18   -9   -9  292  46   82   25 20  32  9 A  91 58  
         3152142 1994  2 14 13 19 47.530 L 2.330 X  34.22700 -118.60800  19.860 X  -9.000   0.000   1.000  -9.000    -18   -9   -9  285  48   71   23 20  47  6 A  96 55  
         2148509 1994  2 15  1 59 47.350 L 2.480 X  34.23200 -118.61500  20.600 X  -9.000   0.000   1.000  -9.000    -18   -9   -9  121  48   98   18 21  62 23 C  98 54  
         3152388 1994  2 15  4 10 52.010 L 1.960 X  34.22700 -118.60800  19.630 X  -9.000   0.000   1.000  -9.000    -18   -9   -9  292  45   74   27 25  32 13 B  69 60  
         3152559 1994  2 15 21 13 53.960 L 2.320 X  34.22700 -118.61100  20.070 X  -9.000   0.000   1.000  -9.000    -18   -9   -9  145  44  117   18 24  41 11 A  96 56  
         3153955 1994  2 20 19 35 21.040 L 1.890 X  34.22200 -118.60000  19.510 X  -9.000   0.000   1.000  -9.000    -18   -9   -9  317  40  119   26 24  31  7 A  92 62  
         3158361 1994  3 14 10  2 19.320 L 2.180 X  34.23300 -118.61300  20.090 X  -9.000   0.000   1.000  -9.000    -18   -9   -9  136  44  120   18 19  47  9 A 100 56  
         3159027 1994  3 18  8 27 27.010 L 2.210 X  34.22600 -118.60800  19.860 X  -9.000   0.000   1.000  -9.000    -18   -9   -9  126  49  103   22 26  39  8 A  90 59  
         3159267 1994  3 20  0 11 12.920 L 2.450 X  34.23500 -118.60800  19.220 X  -9.000   0.000   1.000  -9.000    -18   -9   -9  133  54  112   19 22  43  5 A  97 57  
         2155068 1994  3 22 13  7 33.580 L 2.300 X  34.22400 -118.60300  19.910 X  -9.000   0.000   1.000  -9.000    -18   -9   -9  151  50  130   22 22  33  0 A  97 55  
         3160206 1994  3 24 11 23 51.510 L 1.740 X  34.22400 -118.60700  19.990 X  -9.000   0.000   1.000  -9.000    -18   -9   -9  143  48  121   21 23  29  7 A  96 60  
         3177685 1994  7 26  2 58 20.670 L 2.630 X  34.23200 -118.60400  18.820 X  -9.000   0.000   1.000  -9.000    -18   -9   -9  132  38  132   23 32  49 12 B  73 55  
         3148018 1994  1 31  4 53 39.200 L 2.130 X  34.23100 -118.60600  18.940 X  -9.000   0.000   1.000  -9.000    -18   -9   -9  152  48  113   18 24  46 15 B  94 52  
         3150301 1994  2  7  5 23 49.730 L 1.760 X  34.21800 -118.60500  19.870 X  -9.000   0.000   1.000  -9.000    -18   -9   -9  116  46   86   25 33  32 21 C  82 67  
         3150490 1994  2  8  2  7  8.810 L 2.610 X  34.23100 -118.59800  18.750 X  -9.000   0.000   1.000  -9.000    -18   -9   -9  311  44  109   24 23  58 13 A  92 57  
