         3143312 1994  1 21 11  4 15.500 L 2.300 X  34.24250 -118.61767  18.130 X  -9.000   0.070   0.100  -9.000    -18   -9   -9  254  60   46   26 23  30  9 B  79 66  
         3145744 1994  1 25 10  5 22.020 L 2.400 X  34.24117 -118.62117  18.540 X  -9.000   0.030   0.090  -9.000    -18   -9   -9  155  62  140   29 37  33 12 C  54 64 *
         3145744 1994  1 25 10  5 22.020 L 2.400 X  34.24117 -118.62117  18.540 X  -9.000   0.030   0.090  -9.000    -18   -9   -9  123  55   72   35 44  33 16 D  26 64 *
         3146815 1994  1 28  7 44 46.320 L 3.400 X  34.23917 -118.62150  18.960 X  -9.000   0.090   0.180  -9.000    -18   -9   -9  138  46  131   18 20  73 13 A  98 51  
         3146907 1994  1 28 15 47 20.680 L 2.000 X  34.23817 -118.61050  17.790 X  -9.000   0.060   0.090  -9.000    -18   -9   -9  105  53   83   35 34  23  7 B  63 62  
         3147167 1994  1 29  7 52 21.520 L 2.600 X  34.23833 -118.62466  19.200 X  -9.000   0.090   0.120  -9.000    -18   -9   -9  140  55  107   20 27  55 10 A  88 57  
         3148047 1994  1 31  7 13 16.730 L 2.200 X  34.24183 -118.61550  17.920 X  -9.000   0.050   0.100  -9.000    -18   -9   -9  142  51  110   25 27  39  6 B  81 61  
         3149674 1994  2  5  7 11 45.110 L 2.400 X  34.24017 -118.61667  18.200 X  -9.000   0.040   0.060  -9.000    -18   -9   -9  129  48  110   27 32  50 16 B  80 59  
         3150936 1994  2 10  4 19 26.080 L 2.500 X  34.24217 -118.62016  18.310 X  -9.000   0.050   0.060  -9.000    -18   -9   -9  142  57  131   22 26  57  5 B  85 49  
         3150947 1994  2 10  4 46 40.730 L 2.300 X  34.24117 -118.62016  18.450 X  -9.000   0.050   0.100  -9.000    -18   -9   -9  144  56  132   23 26  50  8 A  91 54  
         3151649 1994  2 13  9  4 56.640 L 2.100 X  34.23783 -118.61283  17.740 X  -9.000   0.030   0.030  -9.000    -18   -9   -9  132  48  114   23 28  33  5 B  85 55  
         3152142 1994  2 14 13 19 47.650 L 2.300 X  34.24166 -118.61716  17.960 X  -9.000   0.070   0.130  -9.000    -18   -9   -9  133  48  113   20 22  48  4 A  97 52  
         2148509 1994  2 15  1 59 47.430 L 2.500 X  34.24166 -118.61900  18.190 X  -9.000   0.010   0.060  -9.000    -18   -9   -9  123  49  102   20 23  60 16 B  97 52  
         3152388 1994  2 15  4 10 52.050 L 2.000 X  34.23983 -118.62133  18.390 X  -9.000   0.070   0.060  -9.000    -18   -9   -9  147  50  131   25 28  34  8 B  84 57  
         3152559 1994  2 15 21 13 54.090 L 2.300 X  34.23967 -118.61584  17.910 X  -9.000   0.030   0.130  -9.000    -18   -9   -9  144  49  120   19 22  42  8 A  98 53  
         3153955 1994  2 20 19 35 21.170 L 1.900 X  34.23783 -118.61183  17.830 X  -9.000   0.060   0.070  -9.000    -18   -9   -9  312  35  119   30 28  32  7 B  78 61  
         3158361 1994  3 14 10  2 19.320 L 2.200 X  34.23933 -118.61833  18.350 X  -9.000   0.060   0.030  -9.000    -18   -9   -9  136  49  116   21 23  46 11 A  96 51  
         3159027 1994  3 18  8 27 27.080 L 2.200 X  34.24050 -118.61767  18.280 X  -9.000   0.030   0.040  -9.000    -18   -9   -9  276  38   69   34 31  39  6 B  66 55  
         3159267 1994  3 20  0 11 12.920 L 2.500 X  34.24117 -118.61584  18.000 X  -9.000   0.050   0.070  -9.000    -18   -9   -9  134  58  114   24 28  44  5 B  88 54  
         2155068 1994  3 22 13  7 33.690 L 2.300 X  34.23933 -118.61567  18.170 X  -9.000   0.040   0.040  -9.000    -18   -9   -9  150  53  130   22 23  34  0 A  97 53  
         3160206 1994  3 24 11 23 51.600 L 1.700 X  34.24017 -118.61833  18.040 X  -9.000   0.050   0.050  -9.000    -18   -9   -9  144  51  123   26 31  31  3 B  78 56  
         3177685 1994  7 26  2 58 20.640 L 2.600 X  34.23900 -118.61150  17.780 X  -9.000   0.050   0.140  -9.000    -18   -9   -9  124  46  123   26 31  51  9 B  78 54  
         3148018 1994  1 31  4 53 39.250 L 2.100 X  34.23817 -118.61066  17.440 X  -9.000   0.090   0.130  -9.000    -18   -9   -9  293  45   62   24 15  46 18 B  98 53  
         3150301 1994  2  7  5 23 49.910 L 1.800 X  34.23734 -118.61300  17.700 X  -9.000   0.060   0.110  -9.000    -18   -9   -9  299  48  101   28 22  32 17 B  83 65  
         3150490 1994  2  8  2  7  8.790 L 2.600 X  34.23817 -118.60633  17.750 X  -9.000   0.070   0.160  -9.000    -18   -9   -9  308  40  109   23 19  57 15 B  93 56  
