         3143312 1994  1 21 11  4 15.500 L 2.300 X  34.24250 -118.61767  18.130 X  -9.000   0.070   0.100  -9.000    -18   -9   -9  137  49  141   14 19  30  7 A 100 67  
         3145744 1994  1 25 10  5 22.020 L 2.400 X  34.24117 -118.62117  18.540 X  -9.000   0.030   0.090  -9.000    -18   -9   -9  286  43   61   31 22  33 14 B  84 64  
         3146815 1994  1 28  7 44 46.320 L 3.400 X  34.23917 -118.62150  18.960 X  -9.000   0.090   0.180  -9.000    -18   -9   -9  138  41  131   15 13  73  9 A 100 52  
         3146907 1994  1 28 15 47 20.680 L 2.000 X  34.23817 -118.61050  17.790 X  -9.000   0.060   0.090  -9.000    -18   -9   -9  305  42  101   25 25  23 12 A  88 62  
         3147167 1994  1 29  7 52 21.510 L 2.600 X  34.23833 -118.62466  19.200 X  -9.000   0.090   0.120  -9.000    -18   -9   -9  144  51  111   18 23  55 13 A  97 58  
         3148047 1994  1 31  7 13 16.730 L 2.200 X  34.24183 -118.61550  17.920 X  -9.000   0.050   0.100  -9.000    -18   -9   -9  291  46   65   23 23  39 10 A  93 61  
         3149674 1994  2  5  7 11 45.110 L 2.400 X  34.24017 -118.61667  18.200 X  -9.000   0.040   0.060  -9.000    -18   -9   -9  132  44  109   21 25  50 15 A  93 60  
         3150936 1994  2 10  4 19 26.080 L 2.500 X  34.24217 -118.62016  18.310 X  -9.000   0.050   0.060  -9.000    -18   -9   -9  144  53  133   14 17  57 11 B  99 50  
         3150947 1994  2 10  4 46 40.730 L 2.300 X  34.24117 -118.62016  18.450 X  -9.000   0.050   0.100  -9.000    -18   -9   -9  143  46  130   15 13  50 12 A 100 55  
         3151649 1994  2 13  9  4 56.640 L 2.100 X  34.23783 -118.61283  17.740 X  -9.000   0.030   0.030  -9.000    -18   -9   -9  129  43  112   19 20  33  5 A 100 55  
         3152142 1994  2 14 13 19 47.650 L 2.300 X  34.24166 -118.61716  17.960 X  -9.000   0.070   0.130  -9.000    -18   -9   -9  133  43  117   18 19  48  6 A  99 52  
         2148509 1994  2 15  1 59 47.430 L 2.500 X  34.24166 -118.61900  18.190 X  -9.000   0.010   0.060  -9.000    -18   -9   -9  122  45  100   15 17  60 21 C 100 52  
         3152388 1994  2 15  4 10 52.050 L 2.000 X  34.23983 -118.62133  18.390 X  -9.000   0.070   0.060  -9.000    -18   -9   -9  144  44  125   25 26  34  8 B  84 57  
         3152559 1994  2 15 21 13 54.090 L 2.300 X  34.23967 -118.61584  17.910 X  -9.000   0.030   0.130  -9.000    -18   -9   -9  143  42  118   19 21  42 11 A  97 54  
         3153955 1994  2 20 19 35 21.170 L 1.900 X  34.23783 -118.61183  17.830 X  -9.000   0.060   0.070  -9.000    -18   -9   -9  102  56   68   19 20  32 11 A  98 61  
         3158361 1994  3 14 10  2 19.320 L 2.200 X  34.23933 -118.61833  18.350 X  -9.000   0.060   0.030  -9.000    -18   -9   -9  135  46  115   19 21  46 11 A  98 52  
         3159027 1994  3 18  8 27 27.080 L 2.200 X  34.24050 -118.61767  18.280 X  -9.000   0.030   0.040  -9.000    -18   -9   -9  123  49   99   22 26  39  6 A  90 55  
         3159267 1994  3 20  0 11 12.920 L 2.500 X  34.24117 -118.61584  18.000 X  -9.000   0.050   0.070  -9.000    -18   -9   -9  135  53  113   18 20  44  1 A  98 55  
         2155068 1994  3 22 13  7 33.690 L 2.300 X  34.23933 -118.61567  18.170 X  -9.000   0.040   0.040  -9.000    -18   -9   -9  151  48  134   21 19  34  0 A 100 54  
         3160206 1994  3 24 11 23 51.600 L 1.700 X  34.24017 -118.61833  18.040 X  -9.000   0.050   0.050  -9.000    -18   -9   -9  146  45  128   21 19  31  7 A  97 56  
         3177685 1994  7 26  2 58 20.640 L 2.600 X  34.23900 -118.61150  17.780 X  -9.000   0.050   0.140  -9.000    -18   -9   -9  131  43  117   20 26  51  8 A  93 54  
         3148018 1994  1 31  4 53 39.250 L 2.100 X  34.23817 -118.61066  17.440 X  -9.000   0.090   0.130  -9.000    -18   -9   -9  295  51   63   23 18  46 14 A  96 53  
         3150301 1994  2  7  5 23 49.910 L 1.800 X  34.23734 -118.61300  17.700 X  -9.000   0.060   0.110  -9.000    -18   -9   -9  108  43   89   24 29  32 16 B  79 64  
         3150490 1994  2  8  2  7  8.790 L 2.600 X  34.23817 -118.60633  17.750 X  -9.000   0.070   0.160  -9.000    -18   -9   -9  105  48   77   24 24  57 12 A  90 57  
